14-10-2024 12:17:52.13 - INFO - Started validation of input parameters...
14-10-2024 12:17:52.14 - INFO - Completed validation of input parameters
14-10-2024 12:17:52.14 - INFO - Skipped handling of duplicates
14-10-2024 12:17:52.14 - INFO - Skipped handling of missing values
14-10-2024 12:17:52.14 - INFO - Started handling of outliers... Method: "WINZ"
14-10-2024 12:17:52.15 - DEBUG - Outlier imputation of 11 value(s) succeeded for feature "total_passengers"
14-10-2024 12:17:52.16 - DEBUG - Outlier imputation of 10 value(s) succeeded for feature "avg_passengers"
14-10-2024 12:17:52.16 - DEBUG - Outlier imputation of 8 value(s) succeeded for feature "median_passengers"
14-10-2024 12:17:52.17 - DEBUG - Outlier imputation of 4 value(s) succeeded for feature "Airline_count"
14-10-2024 12:17:52.17 - DEBUG - Outlier imputation of 1 value(s) succeeded for feature "International_A"
14-10-2024 12:17:52.18 - DEBUG - Outlier imputation of 15 value(s) succeeded for feature "International_G"
14-10-2024 12:17:52.19 - DEBUG - Outlier imputation of 4 value(s) succeeded for feature "Other_Other"
14-10-2024 12:17:52.19 - DEBUG - Outlier imputation of 2 value(s) succeeded for feature "Terminal 1_A"
14-10-2024 12:17:52.20 - DEBUG - Outlier imputation of 17 value(s) succeeded for feature "Terminal 1_B"
14-10-2024 12:17:52.21 - DEBUG - Outlier imputation of 13 value(s) succeeded for feature "Terminal 1_C"
14-10-2024 12:17:52.22 - DEBUG - Outlier imputation of 3 value(s) succeeded for feature "Terminal 2_D"
14-10-2024 12:17:52.23 - DEBUG - Outlier imputation of 8 value(s) succeeded for feature "Terminal 3_E"
14-10-2024 12:17:52.23 - DEBUG - Outlier imputation of 3 value(s) succeeded for feature "Terminal 3_F"
14-10-2024 12:17:52.24 - DEBUG - Outlier imputation of 8 value(s) succeeded for feature "2005_Fall"
14-10-2024 12:17:52.25 - DEBUG - Outlier imputation of 10 value(s) succeeded for feature "2005_Summer"
14-10-2024 12:17:52.26 - DEBUG - Outlier imputation of 8 value(s) succeeded for feature "2005_Winter"
14-10-2024 12:17:52.26 - DEBUG - Outlier imputation of 9 value(s) succeeded for feature "2006_Fall"
14-10-2024 12:17:52.27 - DEBUG - Outlier imputation of 9 value(s) succeeded for feature "2006_Spring"
14-10-2024 12:17:52.28 - DEBUG - Outlier imputation of 9 value(s) succeeded for feature "2006_Summer"
14-10-2024 12:17:52.29 - DEBUG - Outlier imputation of 8 value(s) succeeded for feature "2006_Winter"
14-10-2024 12:17:52.29 - DEBUG - Outlier imputation of 11 value(s) succeeded for feature "2007_Fall"
14-10-2024 12:17:52.30 - DEBUG - Outlier imputation of 8 value(s) succeeded for feature "2007_Spring"
14-10-2024 12:17:52.30 - DEBUG - Outlier imputation of 9 value(s) succeeded for feature "2007_Summer"
14-10-2024 12:17:52.31 - DEBUG - Outlier imputation of 9 value(s) succeeded for feature "2007_Winter"
14-10-2024 12:17:52.32 - DEBUG - Outlier imputation of 10 value(s) succeeded for feature "2008_Fall"
14-10-2024 12:17:52.32 - DEBUG - Outlier imputation of 10 value(s) succeeded for feature "2008_Spring"
14-10-2024 12:17:52.33 - DEBUG - Outlier imputation of 10 value(s) succeeded for feature "2008_Summer"
14-10-2024 12:17:52.34 - DEBUG - Outlier imputation of 10 value(s) succeeded for feature "2008_Winter"
14-10-2024 12:17:52.34 - DEBUG - Outlier imputation of 10 value(s) succeeded for feature "2009_Fall"
14-10-2024 12:17:52.35 - DEBUG - Outlier imputation of 10 value(s) succeeded for feature "2009_Spring"
14-10-2024 12:17:52.36 - DEBUG - Outlier imputation of 11 value(s) succeeded for feature "2009_Summer"
14-10-2024 12:17:52.36 - DEBUG - Outlier imputation of 10 value(s) succeeded for feature "2009_Winter"
14-10-2024 12:17:52.37 - DEBUG - Outlier imputation of 10 value(s) succeeded for feature "2010_Fall"
14-10-2024 12:17:52.38 - DEBUG - Outlier imputation of 10 value(s) succeeded for feature "2010_Spring"
14-10-2024 12:17:52.39 - DEBUG - Outlier imputation of 11 value(s) succeeded for feature "2010_Summer"
14-10-2024 12:17:52.39 - DEBUG - Outlier imputation of 10 value(s) succeeded for feature "2010_Winter"
14-10-2024 12:17:52.40 - DEBUG - Outlier imputation of 10 value(s) succeeded for feature "2011_Fall"
14-10-2024 12:17:52.41 - DEBUG - Outlier imputation of 10 value(s) succeeded for feature "2011_Spring"
14-10-2024 12:17:52.41 - DEBUG - Outlier imputation of 11 value(s) succeeded for feature "2011_Summer"
14-10-2024 12:17:52.42 - DEBUG - Outlier imputation of 10 value(s) succeeded for feature "2011_Winter"
14-10-2024 12:17:52.43 - DEBUG - Outlier imputation of 10 value(s) succeeded for feature "2012_Fall"
14-10-2024 12:17:52.43 - DEBUG - Outlier imputation of 10 value(s) succeeded for feature "2012_Spring"
14-10-2024 12:17:52.44 - DEBUG - Outlier imputation of 10 value(s) succeeded for feature "2012_Summer"
14-10-2024 12:17:52.45 - DEBUG - Outlier imputation of 10 value(s) succeeded for feature "2012_Winter"
14-10-2024 12:17:52.46 - DEBUG - Outlier imputation of 11 value(s) succeeded for feature "2013_Fall"
14-10-2024 12:17:52.46 - DEBUG - Outlier imputation of 10 value(s) succeeded for feature "2013_Spring"
14-10-2024 12:17:52.47 - DEBUG - Outlier imputation of 11 value(s) succeeded for feature "2013_Summer"
14-10-2024 12:17:52.48 - DEBUG - Outlier imputation of 10 value(s) succeeded for feature "2013_Winter"
14-10-2024 12:17:52.48 - DEBUG - Outlier imputation of 11 value(s) succeeded for feature "2014_Fall"
14-10-2024 12:17:52.49 - DEBUG - Outlier imputation of 11 value(s) succeeded for feature "2014_Spring"
14-10-2024 12:17:52.50 - DEBUG - Outlier imputation of 11 value(s) succeeded for feature "2014_Summer"
14-10-2024 12:17:52.51 - DEBUG - Outlier imputation of 10 value(s) succeeded for feature "2014_Winter"
14-10-2024 12:17:52.51 - DEBUG - Outlier imputation of 10 value(s) succeeded for feature "2015_Fall"
14-10-2024 12:17:52.52 - DEBUG - Outlier imputation of 10 value(s) succeeded for feature "2015_Spring"
14-10-2024 12:17:52.53 - DEBUG - Outlier imputation of 11 value(s) succeeded for feature "2015_Summer"
14-10-2024 12:17:52.53 - DEBUG - Outlier imputation of 9 value(s) succeeded for feature "2015_Winter"
14-10-2024 12:17:52.54 - DEBUG - Outlier imputation of 10 value(s) succeeded for feature "2016_Spring"
14-10-2024 12:17:52.55 - DEBUG - Outlier imputation of 8 value(s) succeeded for feature "2016_Winter"
14-10-2024 12:17:52.55 - INFO - Completed handling of outliers in 0.409081 seconds
14-10-2024 12:17:52.55 - INFO - Skipped datetime feature conversion
14-10-2024 12:17:52.55 - INFO - Skipped encoding of categorical features
14-10-2024 12:17:52.55 - INFO - Started feature type conversion...
14-10-2024 12:17:52.55 - DEBUG - Conversion to type INT succeeded for feature "total_passengers"
14-10-2024 12:17:52.55 - DEBUG - Conversion to type FLOAT succeeded for feature "avg_passengers"
14-10-2024 12:17:52.55 - DEBUG - Conversion to type FLOAT succeeded for feature "median_passengers"
14-10-2024 12:17:52.55 - DEBUG - Conversion to type INT succeeded for feature "Airline_count"
14-10-2024 12:17:52.55 - DEBUG - Conversion to type INT succeeded for feature "International_A"
14-10-2024 12:17:52.55 - DEBUG - Conversion to type INT succeeded for feature "International_G"
14-10-2024 12:17:52.55 - DEBUG - Conversion to type INT succeeded for feature "Other_Other"
14-10-2024 12:17:52.55 - DEBUG - Conversion to type INT succeeded for feature "Terminal 1_A"
14-10-2024 12:17:52.55 - DEBUG - Conversion to type INT succeeded for feature "Terminal 1_B"
14-10-2024 12:17:52.55 - DEBUG - Conversion to type INT succeeded for feature "Terminal 1_C"
14-10-2024 12:17:52.55 - DEBUG - Conversion to type INT succeeded for feature "Terminal 2_D"
14-10-2024 12:17:52.55 - DEBUG - Conversion to type INT succeeded for feature "Terminal 3_E"
14-10-2024 12:17:52.55 - DEBUG - Conversion to type INT succeeded for feature "Terminal 3_F"
14-10-2024 12:17:52.55 - DEBUG - Conversion to type INT succeeded for feature "2005_Fall"
14-10-2024 12:17:52.55 - DEBUG - Conversion to type INT succeeded for feature "2005_Summer"
14-10-2024 12:17:52.56 - DEBUG - Conversion to type INT succeeded for feature "2005_Winter"
14-10-2024 12:17:52.56 - DEBUG - Conversion to type INT succeeded for feature "2006_Fall"
14-10-2024 12:17:52.56 - DEBUG - Conversion to type INT succeeded for feature "2006_Spring"
14-10-2024 12:17:52.56 - DEBUG - Conversion to type INT succeeded for feature "2006_Summer"
14-10-2024 12:17:52.56 - DEBUG - Conversion to type INT succeeded for feature "2006_Winter"
14-10-2024 12:17:52.56 - DEBUG - Conversion to type INT succeeded for feature "2007_Fall"
14-10-2024 12:17:52.56 - DEBUG - Conversion to type INT succeeded for feature "2007_Spring"
14-10-2024 12:17:52.56 - DEBUG - Conversion to type INT succeeded for feature "2007_Summer"
14-10-2024 12:17:52.56 - DEBUG - Conversion to type INT succeeded for feature "2007_Winter"
14-10-2024 12:17:52.56 - DEBUG - Conversion to type INT succeeded for feature "2008_Fall"
14-10-2024 12:17:52.56 - DEBUG - Conversion to type INT succeeded for feature "2008_Spring"
14-10-2024 12:17:52.56 - DEBUG - Conversion to type INT succeeded for feature "2008_Summer"
14-10-2024 12:17:52.56 - DEBUG - Conversion to type INT succeeded for feature "2008_Winter"
14-10-2024 12:17:52.56 - DEBUG - Conversion to type INT succeeded for feature "2009_Fall"
14-10-2024 12:17:52.56 - DEBUG - Conversion to type INT succeeded for feature "2009_Spring"
14-10-2024 12:17:52.56 - DEBUG - Conversion to type INT succeeded for feature "2009_Summer"
14-10-2024 12:17:52.56 - DEBUG - Conversion to type INT succeeded for feature "2009_Winter"
14-10-2024 12:17:52.56 - DEBUG - Conversion to type INT succeeded for feature "2010_Fall"
14-10-2024 12:17:52.56 - DEBUG - Conversion to type INT succeeded for feature "2010_Spring"
14-10-2024 12:17:52.56 - DEBUG - Conversion to type INT succeeded for feature "2010_Summer"
14-10-2024 12:17:52.57 - DEBUG - Conversion to type INT succeeded for feature "2010_Winter"
14-10-2024 12:17:52.57 - DEBUG - Conversion to type INT succeeded for feature "2011_Fall"
14-10-2024 12:17:52.57 - DEBUG - Conversion to type INT succeeded for feature "2011_Spring"
14-10-2024 12:17:52.57 - DEBUG - Conversion to type INT succeeded for feature "2011_Summer"
14-10-2024 12:17:52.57 - DEBUG - Conversion to type INT succeeded for feature "2011_Winter"
14-10-2024 12:17:52.57 - DEBUG - Conversion to type INT succeeded for feature "2012_Fall"
14-10-2024 12:17:52.57 - DEBUG - Conversion to type INT succeeded for feature "2012_Spring"
14-10-2024 12:17:52.57 - DEBUG - Conversion to type INT succeeded for feature "2012_Summer"
14-10-2024 12:17:52.57 - DEBUG - Conversion to type INT succeeded for feature "2012_Winter"
14-10-2024 12:17:52.57 - DEBUG - Conversion to type INT succeeded for feature "2013_Fall"
14-10-2024 12:17:52.57 - DEBUG - Conversion to type INT succeeded for feature "2013_Spring"
14-10-2024 12:17:52.57 - DEBUG - Conversion to type INT succeeded for feature "2013_Summer"
14-10-2024 12:17:52.57 - DEBUG - Conversion to type INT succeeded for feature "2013_Winter"
14-10-2024 12:17:52.57 - DEBUG - Conversion to type INT succeeded for feature "2014_Fall"
14-10-2024 12:17:52.57 - DEBUG - Conversion to type INT succeeded for feature "2014_Spring"
14-10-2024 12:17:52.57 - DEBUG - Conversion to type INT succeeded for feature "2014_Summer"
14-10-2024 12:17:52.57 - DEBUG - Conversion to type INT succeeded for feature "2014_Winter"
14-10-2024 12:17:52.58 - DEBUG - Conversion to type INT succeeded for feature "2015_Fall"
14-10-2024 12:17:52.58 - DEBUG - Conversion to type INT succeeded for feature "2015_Spring"
14-10-2024 12:17:52.58 - DEBUG - Conversion to type INT succeeded for feature "2015_Summer"
14-10-2024 12:17:52.58 - DEBUG - Conversion to type INT succeeded for feature "2015_Winter"
14-10-2024 12:17:52.58 - DEBUG - Conversion to type INT succeeded for feature "2016_Spring"
14-10-2024 12:17:52.58 - DEBUG - Conversion to type INT succeeded for feature "2016_Winter"
14-10-2024 12:17:52.58 - INFO - Completed feature type conversion for 58 feature(s) in 0.03223 seconds
14-10-2024 12:17:52.58 - INFO - AutoClean process completed in 0.448923 seconds
